2024-05-13 19:58:15,211 INFO org.springframework.boot.StartupInfoLogger [main] Starting TpPfeApplication using Java 21.0.2 on DGHAYMA with PID 15756 (C:\Users\dghay\IdeaProjects\tp-pfe\target\classes started by dghay in C:\Users\dghay\IdeaProjects\tp-pfe)
2024-05-13 19:58:15,218 DEBUG org.springframework.boot.StartupInfoLogger [main] Running with Spring Boot v2.5.1, Spring v5.3.8
2024-05-13 19:58:15,218 INFO org.springframework.boot.SpringApplication [main] The following profiles are active: local
2024-05-13 19:58:17,173 INFO org.springframework.data.repository.config.RepositoryConfigurationDelegate [main] Bootstrapping Spring Data JPA repositories in DEFAULT mode.
2024-05-13 19:58:17,289 INFO org.springframework.data.repository.config.RepositoryConfigurationDelegate [main] Finished Spring Data repository scanning in 99 ms. Found 1 JPA repository interfaces.
2024-05-13 19:58:18,442 INFO org.springframework.boot.web.embedded.tomcat.TomcatWebServer [main] Tomcat initialized with port(s): 8085 (http)
2024-05-13 19:58:18,463 INFO org.apache.juli.logging.DirectJDKLog [main] Initializing ProtocolHandler ["http-nio-8085"]
2024-05-13 19:58:18,464 INFO org.apache.juli.logging.DirectJDKLog [main] Starting service [Tomcat]
2024-05-13 19:58:18,465 INFO org.apache.juli.logging.DirectJDKLog [main] Starting Servlet engine: [Apache Tomcat/9.0.46]
2024-05-13 19:58:18,622 INFO org.apache.juli.logging.DirectJDKLog [main] Initializing Spring embedded WebApplicationContext
2024-05-13 19:58:18,622 INFO org.springframework.boot.web.servlet.context.ServletWebServerApplicationContext [main] Root WebApplicationContext: initialization completed in 3283 ms
2024-05-13 19:58:18,848 INFO com.zaxxer.hikari.HikariDataSource [main] HikariPool-1 - Starting...
2024-05-13 19:58:19,181 INFO com.zaxxer.hikari.HikariDataSource [main] HikariPool-1 - Start completed.
2024-05-13 19:58:21,812 INFO org.springframework.orm.jpa.AbstractEntityManagerFactoryBean [main] Initialized JPA EntityManagerFactory for persistence unit 'default'
2024-05-13 19:58:22,879 WARN org.springframework.boot.autoconfigure.orm.jpa.JpaBaseConfiguration$JpaWebConfiguration [main] spring.jpa.open-in-view is enabled by default. Therefore, database queries may be performed during view rendering. Explicitly configure spring.jpa.open-in-view to disable this warning
2024-05-13 19:58:23,033 DEBUG org.springframework.web.servlet.handler.AbstractHandlerMethodMapping [main] 10 mappings in 'requestMappingHandlerMapping'
2024-05-13 19:58:23,304 DEBUG org.springframework.web.servlet.mvc.method.annotation.RequestMappingHandlerAdapter [main] ControllerAdvice beans: 0 @ModelAttribute, 0 @InitBinder, 1 RequestBodyAdvice, 1 ResponseBodyAdvice
2024-05-13 19:58:23,385 DEBUG org.springframework.web.servlet.handler.SimpleUrlHandlerMapping [main] Patterns [/swagger-ui/] in 'viewControllerHandlerMapping'
2024-05-13 19:58:23,416 DEBUG org.springframework.web.servlet.handler.SimpleUrlHandlerMapping [main] Patterns [/webjars/**, /**, /swagger-ui/**] in 'resourceHandlerMapping'
2024-05-13 19:58:23,431 DEBUG org.springframework.web.servlet.mvc.method.annotation.ExceptionHandlerExceptionResolver [main] ControllerAdvice beans: 0 @ExceptionHandler, 1 ResponseBodyAdvice
2024-05-13 19:58:23,588 INFO org.apache.juli.logging.DirectJDKLog [main] Starting ProtocolHandler ["http-nio-8085"]
2024-05-13 19:58:23,680 INFO org.springframework.boot.web.embedded.tomcat.TomcatWebServer [main] Tomcat started on port(s): 8085 (http) with context path ''
2024-05-13 19:58:24,055 INFO org.springframework.boot.StartupInfoLogger [main] Started TpPfeApplication in 9.736 seconds (JVM running for 11.028)
2024-05-13 19:58:24,063 INFO com.javatp.JavaTpApplication [main] Access URLs:
----------------------------------------------------------
	Local: 		http://127.0.0.1:8085/swagger-ui/#/
	External: 	http://192.168.1.2:8085/swagger-ui/#/
----------------------------------------------------------
2024-05-13 19:58:26,702 INFO org.apache.juli.logging.DirectJDKLog [http-nio-8085-exec-1] Initializing Spring DispatcherServlet 'dispatcherServlet'
2024-05-13 19:58:26,703 INFO org.springframework.web.servlet.FrameworkServlet [http-nio-8085-exec-1] Initializing Servlet 'dispatcherServlet'
2024-05-13 19:58:26,703 DEBUG org.springframework.web.servlet.DispatcherServlet [http-nio-8085-exec-1] Detected StandardServletMultipartResolver
2024-05-13 19:58:26,704 DEBUG org.springframework.web.servlet.DispatcherServlet [http-nio-8085-exec-1] Detected AcceptHeaderLocaleResolver
2024-05-13 19:58:26,704 DEBUG org.springframework.web.servlet.DispatcherServlet [http-nio-8085-exec-1] Detected FixedThemeResolver
2024-05-13 19:58:26,706 DEBUG org.springframework.web.servlet.DispatcherServlet [http-nio-8085-exec-1] Detected org.springframework.web.servlet.view.DefaultRequestToViewNameTranslator@751b901a
2024-05-13 19:58:26,707 DEBUG org.springframework.web.servlet.DispatcherServlet [http-nio-8085-exec-1] Detected org.springframework.web.servlet.support.SessionFlashMapManager@689eab53
2024-05-13 19:58:26,708 DEBUG org.springframework.web.servlet.FrameworkServlet [http-nio-8085-exec-1] enableLoggingRequestDetails='false': request parameters and headers will be masked to prevent unsafe logging of potentially sensitive data
2024-05-13 19:58:26,709 INFO org.springframework.web.servlet.FrameworkServlet [http-nio-8085-exec-1] Completed initialization in 6 ms
2024-05-13 19:58:26,727 DEBUG org.springframework.core.log.LogFormatUtils [http-nio-8085-exec-1] GET "/swagger-ui/", parameters={}
2024-05-13 19:58:26,740 DEBUG org.springframework.web.servlet.handler.AbstractHandlerMapping [http-nio-8085-exec-1] Mapped to ParameterizableViewController [view="forward:/swagger-ui/index.html"]
2024-05-13 19:58:26,751 DEBUG org.springframework.web.servlet.view.ContentNegotiatingViewResolver [http-nio-8085-exec-1] Selected 'text/html' given [text/html, application/xhtml+xml, image/avif, image/webp, image/apng, application/xml;q=0.9, application/signed-exchange;v=b3;q=0.7, */*;q=0.8]
2024-05-13 19:58:26,752 DEBUG org.springframework.web.servlet.view.AbstractView [http-nio-8085-exec-1] View name 'forward:', model {}
2024-05-13 19:58:26,755 DEBUG org.springframework.web.servlet.view.InternalResourceView [http-nio-8085-exec-1] Forwarding to [/swagger-ui/index.html]
2024-05-13 19:58:26,766 DEBUG org.springframework.core.log.LogFormatUtils [http-nio-8085-exec-1] "FORWARD" dispatch for GET "/swagger-ui/index.html", parameters={}
2024-05-13 19:58:26,770 DEBUG org.springframework.web.servlet.handler.AbstractHandlerMapping [http-nio-8085-exec-1] Mapped to ResourceHttpRequestHandler [Classpath [META-INF/resources/webjars/springfox-swagger-ui/]]
2024-05-13 19:58:26,796 DEBUG org.springframework.web.servlet.FrameworkServlet [http-nio-8085-exec-1] Exiting from "FORWARD" dispatch, status 200
2024-05-13 19:58:26,799 DEBUG org.springframework.web.servlet.FrameworkServlet [http-nio-8085-exec-1] Completed 200 OK
2024-05-13 19:58:26,855 DEBUG org.springframework.core.log.LogFormatUtils [http-nio-8085-exec-2] GET "/swagger-ui/springfox.css?v=3.0.0", parameters={masked}
2024-05-13 19:58:26,859 DEBUG org.springframework.web.servlet.handler.AbstractHandlerMapping [http-nio-8085-exec-2] Mapped to ResourceHttpRequestHandler [Classpath [META-INF/resources/webjars/springfox-swagger-ui/]]
2024-05-13 19:58:26,863 DEBUG org.springframework.web.servlet.FrameworkServlet [http-nio-8085-exec-2] Completed 200 OK
2024-05-13 19:58:26,874 DEBUG org.springframework.core.log.LogFormatUtils [http-nio-8085-exec-3] GET "/swagger-ui/swagger-ui.css?v=3.0.0", parameters={masked}
2024-05-13 19:58:26,876 DEBUG org.springframework.web.servlet.handler.AbstractHandlerMapping [http-nio-8085-exec-3] Mapped to ResourceHttpRequestHandler [Classpath [META-INF/resources/webjars/springfox-swagger-ui/]]
2024-05-13 19:58:26,878 DEBUG org.springframework.core.log.LogFormatUtils [http-nio-8085-exec-4] GET "/swagger-ui/swagger-ui-standalone-preset.js?v=3.0.0", parameters={masked}
2024-05-13 19:58:26,878 DEBUG org.springframework.core.log.LogFormatUtils [http-nio-8085-exec-6] GET "/swagger-ui/springfox.js?v=3.0.0", parameters={masked}
2024-05-13 19:58:26,878 DEBUG org.springframework.core.log.LogFormatUtils [http-nio-8085-exec-5] GET "/swagger-ui/swagger-ui-bundle.js?v=3.0.0", parameters={masked}
2024-05-13 19:58:26,879 DEBUG org.springframework.web.servlet.handler.AbstractHandlerMapping [http-nio-8085-exec-4] Mapped to ResourceHttpRequestHandler [Classpath [META-INF/resources/webjars/springfox-swagger-ui/]]
2024-05-13 19:58:26,880 DEBUG org.springframework.web.servlet.handler.AbstractHandlerMapping [http-nio-8085-exec-5] Mapped to ResourceHttpRequestHandler [Classpath [META-INF/resources/webjars/springfox-swagger-ui/]]
2024-05-13 19:58:26,880 DEBUG org.springframework.web.servlet.handler.AbstractHandlerMapping [http-nio-8085-exec-6] Mapped to ResourceHttpRequestHandler [Classpath [META-INF/resources/webjars/springfox-swagger-ui/]]
2024-05-13 19:58:26,898 DEBUG org.springframework.web.servlet.FrameworkServlet [http-nio-8085-exec-3] Completed 200 OK
2024-05-13 19:58:26,903 DEBUG org.springframework.web.servlet.FrameworkServlet [http-nio-8085-exec-6] Completed 200 OK
2024-05-13 19:58:26,931 DEBUG org.springframework.web.servlet.FrameworkServlet [http-nio-8085-exec-4] Completed 200 OK
2024-05-13 19:58:26,978 DEBUG org.springframework.web.servlet.FrameworkServlet [http-nio-8085-exec-5] Completed 200 OK
2024-05-13 19:58:27,166 DEBUG org.springframework.core.log.LogFormatUtils [http-nio-8085-exec-7] GET "/swagger-resources/configuration/ui", parameters={}
2024-05-13 19:58:27,168 DEBUG org.springframework.core.log.LogFormatUtils [http-nio-8085-exec-8] GET "/swagger-ui/favicon-32x32.png?v=3.0.0", parameters={masked}
2024-05-13 19:58:27,168 DEBUG org.springframework.web.servlet.handler.AbstractHandlerMapping [http-nio-8085-exec-7] Mapped to springfox.documentation.swagger.web.ApiResourceController#uiConfiguration()
2024-05-13 19:58:27,170 DEBUG org.springframework.web.servlet.handler.AbstractHandlerMapping [http-nio-8085-exec-8] Mapped to ResourceHttpRequestHandler [Classpath [META-INF/resources/webjars/springfox-swagger-ui/]]
2024-05-13 19:58:27,174 DEBUG org.springframework.web.servlet.FrameworkServlet [http-nio-8085-exec-8] Completed 200 OK
2024-05-13 19:58:27,187 DEBUG org.springframework.web.servlet.mvc.method.annotation.AbstractMessageConverterMethodProcessor [http-nio-8085-exec-7] Using 'application/json', given [application/json] and supported [application/json]
2024-05-13 19:58:27,225 DEBUG org.springframework.core.log.LogFormatUtils [http-nio-8085-exec-7] Writing [springfox.documentation.swagger.web.UiConfiguration@7d3ad512]
2024-05-13 19:58:27,240 DEBUG org.springframework.web.servlet.FrameworkServlet [http-nio-8085-exec-7] Completed 200 OK
2024-05-13 19:58:27,247 DEBUG org.springframework.core.log.LogFormatUtils [http-nio-8085-exec-9] GET "/swagger-resources/configuration/security", parameters={}
2024-05-13 19:58:27,248 DEBUG org.springframework.web.servlet.handler.AbstractHandlerMapping [http-nio-8085-exec-9] Mapped to springfox.documentation.swagger.web.ApiResourceController#securityConfiguration()
2024-05-13 19:58:27,249 DEBUG org.springframework.web.servlet.mvc.method.annotation.AbstractMessageConverterMethodProcessor [http-nio-8085-exec-9] Using 'application/json', given [application/json] and supported [application/json]
2024-05-13 19:58:27,262 DEBUG org.springframework.core.log.LogFormatUtils [http-nio-8085-exec-9] Writing [springfox.documentation.swagger.web.SecurityConfiguration@5c52b087]
2024-05-13 19:58:27,265 DEBUG org.springframework.web.servlet.FrameworkServlet [http-nio-8085-exec-9] Completed 200 OK
2024-05-13 19:58:27,273 DEBUG org.springframework.core.log.LogFormatUtils [http-nio-8085-exec-10] GET "/swagger-resources", parameters={}
2024-05-13 19:58:27,274 DEBUG org.springframework.web.servlet.handler.AbstractHandlerMapping [http-nio-8085-exec-10] Mapped to springfox.documentation.swagger.web.ApiResourceController#swaggerResources()
2024-05-13 19:58:27,275 DEBUG org.springframework.web.servlet.mvc.method.annotation.AbstractMessageConverterMethodProcessor [http-nio-8085-exec-10] Using 'application/json', given [application/json] and supported [application/json]
2024-05-13 19:58:27,277 DEBUG org.springframework.core.log.LogFormatUtils [http-nio-8085-exec-10] Writing [[springfox.documentation.swagger.web.SwaggerResource@71b5e970]]
2024-05-13 19:58:27,280 DEBUG org.springframework.web.servlet.FrameworkServlet [http-nio-8085-exec-10] Completed 200 OK
2024-05-13 19:58:27,338 DEBUG org.springframework.core.log.LogFormatUtils [http-nio-8085-exec-1] GET "/v2/api-docs", parameters={}
2024-05-13 19:58:27,339 DEBUG org.springframework.web.servlet.handler.AbstractHandlerMapping [http-nio-8085-exec-1] Mapped to springfox.documentation.swagger2.web.Swagger2ControllerWebMvc#getDocumentation(String, HttpServletRequest)
2024-05-13 19:58:27,536 DEBUG org.springframework.web.servlet.mvc.method.annotation.AbstractMessageConverterMethodProcessor [http-nio-8085-exec-1] Using 'application/json', given [application/json, */*] and supported [application/json, application/hal+json]
2024-05-13 19:58:27,540 DEBUG org.springframework.core.log.LogFormatUtils [http-nio-8085-exec-1] Writing [springfox.documentation.spring.web.json.Json@18a52846]
2024-05-13 19:58:27,542 DEBUG org.springframework.web.servlet.FrameworkServlet [http-nio-8085-exec-1] Completed 200 OK
2024-05-13 19:58:36,433 DEBUG org.springframework.core.log.LogFormatUtils [http-nio-8085-exec-2] GET "/v2/api-docs", parameters={}
2024-05-13 19:58:36,434 DEBUG org.springframework.web.servlet.handler.AbstractHandlerMapping [http-nio-8085-exec-2] Mapped to springfox.documentation.swagger2.web.Swagger2ControllerWebMvc#getDocumentation(String, HttpServletRequest)
2024-05-13 19:58:36,437 DEBUG org.springframework.web.servlet.mvc.method.annotation.AbstractMessageConverterMethodProcessor [http-nio-8085-exec-2] Using 'application/json;q=0.8', given [text/html, application/xhtml+xml, image/avif, image/webp, image/apng, application/xml;q=0.9, application/signed-exchange;v=b3;q=0.7, */*;q=0.8] and supported [application/json, application/hal+json]
2024-05-13 19:58:36,437 DEBUG org.springframework.core.log.LogFormatUtils [http-nio-8085-exec-2] Writing [springfox.documentation.spring.web.json.Json@1c5f048a]
2024-05-13 19:58:36,437 DEBUG org.springframework.web.servlet.FrameworkServlet [http-nio-8085-exec-2] Completed 200 OK
2024-05-13 20:00:10,036 DEBUG org.springframework.core.log.LogFormatUtils [http-nio-8085-exec-8] GET "/swagger-ui/", parameters={}
2024-05-13 20:00:10,038 DEBUG org.springframework.web.servlet.handler.AbstractHandlerMapping [http-nio-8085-exec-8] Mapped to ParameterizableViewController [view="forward:/swagger-ui/index.html"]
2024-05-13 20:00:10,044 DEBUG org.springframework.web.servlet.view.ContentNegotiatingViewResolver [http-nio-8085-exec-8] Selected 'text/html' given [text/html, application/xhtml+xml, image/avif, image/webp, image/apng, application/xml;q=0.9, application/signed-exchange;v=b3;q=0.7, */*;q=0.8]
2024-05-13 20:00:10,045 DEBUG org.springframework.web.servlet.view.AbstractView [http-nio-8085-exec-8] View name 'forward:', model {}
2024-05-13 20:00:10,047 DEBUG org.springframework.web.servlet.view.InternalResourceView [http-nio-8085-exec-8] Forwarding to [/swagger-ui/index.html]
2024-05-13 20:00:10,048 DEBUG org.springframework.core.log.LogFormatUtils [http-nio-8085-exec-8] "FORWARD" dispatch for GET "/swagger-ui/index.html", parameters={}
2024-05-13 20:00:10,063 DEBUG org.springframework.web.servlet.handler.AbstractHandlerMapping [http-nio-8085-exec-8] Mapped to ResourceHttpRequestHandler [Classpath [META-INF/resources/webjars/springfox-swagger-ui/]]
2024-05-13 20:00:10,071 DEBUG org.springframework.web.servlet.FrameworkServlet [http-nio-8085-exec-8] Exiting from "FORWARD" dispatch, status 200
2024-05-13 20:00:10,072 DEBUG org.springframework.web.servlet.FrameworkServlet [http-nio-8085-exec-8] Completed 200 OK
2024-05-13 20:00:10,141 DEBUG org.springframework.core.log.LogFormatUtils [http-nio-8085-exec-7] GET "/swagger-ui/springfox.css?v=3.0.0", parameters={masked}
2024-05-13 20:00:10,143 DEBUG org.springframework.web.servlet.handler.AbstractHandlerMapping [http-nio-8085-exec-7] Mapped to ResourceHttpRequestHandler [Classpath [META-INF/resources/webjars/springfox-swagger-ui/]]
2024-05-13 20:00:10,147 DEBUG org.springframework.web.servlet.FrameworkServlet [http-nio-8085-exec-7] Completed 200 OK
2024-05-13 20:00:10,159 DEBUG org.springframework.core.log.LogFormatUtils [http-nio-8085-exec-9] GET "/swagger-ui/swagger-ui.css?v=3.0.0", parameters={masked}
2024-05-13 20:00:10,160 DEBUG org.springframework.core.log.LogFormatUtils [http-nio-8085-exec-2] GET "/swagger-ui/springfox.js?v=3.0.0", parameters={masked}
2024-05-13 20:00:10,160 DEBUG org.springframework.core.log.LogFormatUtils [http-nio-8085-exec-1] GET "/swagger-ui/swagger-ui-standalone-preset.js?v=3.0.0", parameters={masked}
2024-05-13 20:00:10,160 DEBUG org.springframework.core.log.LogFormatUtils [http-nio-8085-exec-10] GET "/swagger-ui/swagger-ui-bundle.js?v=3.0.0", parameters={masked}
2024-05-13 20:00:10,161 DEBUG org.springframework.web.servlet.handler.AbstractHandlerMapping [http-nio-8085-exec-9] Mapped to ResourceHttpRequestHandler [Classpath [META-INF/resources/webjars/springfox-swagger-ui/]]
2024-05-13 20:00:10,162 DEBUG org.springframework.web.servlet.handler.AbstractHandlerMapping [http-nio-8085-exec-2] Mapped to ResourceHttpRequestHandler [Classpath [META-INF/resources/webjars/springfox-swagger-ui/]]
2024-05-13 20:00:10,162 DEBUG org.springframework.web.servlet.handler.AbstractHandlerMapping [http-nio-8085-exec-10] Mapped to ResourceHttpRequestHandler [Classpath [META-INF/resources/webjars/springfox-swagger-ui/]]
2024-05-13 20:00:10,162 DEBUG org.springframework.web.servlet.handler.AbstractHandlerMapping [http-nio-8085-exec-1] Mapped to ResourceHttpRequestHandler [Classpath [META-INF/resources/webjars/springfox-swagger-ui/]]
2024-05-13 20:00:10,169 DEBUG org.springframework.web.servlet.FrameworkServlet [http-nio-8085-exec-9] Completed 200 OK
2024-05-13 20:00:10,174 DEBUG org.springframework.web.servlet.FrameworkServlet [http-nio-8085-exec-2] Completed 200 OK
2024-05-13 20:00:10,184 DEBUG org.springframework.web.servlet.FrameworkServlet [http-nio-8085-exec-1] Completed 200 OK
2024-05-13 20:00:10,219 DEBUG org.springframework.web.servlet.FrameworkServlet [http-nio-8085-exec-10] Completed 200 OK
2024-05-13 20:00:10,425 DEBUG org.springframework.core.log.LogFormatUtils [http-nio-8085-exec-4] GET "/swagger-resources/configuration/ui", parameters={}
2024-05-13 20:00:10,426 DEBUG org.springframework.web.servlet.handler.AbstractHandlerMapping [http-nio-8085-exec-4] Mapped to springfox.documentation.swagger.web.ApiResourceController#uiConfiguration()
2024-05-13 20:00:10,427 DEBUG org.springframework.web.servlet.mvc.method.annotation.AbstractMessageConverterMethodProcessor [http-nio-8085-exec-4] Using 'application/json', given [application/json] and supported [application/json]
2024-05-13 20:00:10,427 DEBUG org.springframework.core.log.LogFormatUtils [http-nio-8085-exec-4] Writing [springfox.documentation.swagger.web.UiConfiguration@7d3ad512]
2024-05-13 20:00:10,429 DEBUG org.springframework.web.servlet.FrameworkServlet [http-nio-8085-exec-4] Completed 200 OK
2024-05-13 20:00:10,430 DEBUG org.springframework.core.log.LogFormatUtils [http-nio-8085-exec-6] GET "/swagger-ui/favicon-32x32.png?v=3.0.0", parameters={masked}
2024-05-13 20:00:10,432 DEBUG org.springframework.web.servlet.handler.AbstractHandlerMapping [http-nio-8085-exec-6] Mapped to ResourceHttpRequestHandler [Classpath [META-INF/resources/webjars/springfox-swagger-ui/]]
2024-05-13 20:00:10,435 DEBUG org.springframework.web.servlet.FrameworkServlet [http-nio-8085-exec-6] Completed 200 OK
2024-05-13 20:00:10,438 DEBUG org.springframework.core.log.LogFormatUtils [http-nio-8085-exec-3] GET "/swagger-resources/configuration/security", parameters={}
2024-05-13 20:00:10,439 DEBUG org.springframework.web.servlet.handler.AbstractHandlerMapping [http-nio-8085-exec-3] Mapped to springfox.documentation.swagger.web.ApiResourceController#securityConfiguration()
2024-05-13 20:00:10,440 DEBUG org.springframework.web.servlet.mvc.method.annotation.AbstractMessageConverterMethodProcessor [http-nio-8085-exec-3] Using 'application/json', given [application/json] and supported [application/json]
2024-05-13 20:00:10,441 DEBUG org.springframework.core.log.LogFormatUtils [http-nio-8085-exec-3] Writing [springfox.documentation.swagger.web.SecurityConfiguration@5c52b087]
2024-05-13 20:00:10,442 DEBUG org.springframework.web.servlet.FrameworkServlet [http-nio-8085-exec-3] Completed 200 OK
2024-05-13 20:00:10,454 DEBUG org.springframework.core.log.LogFormatUtils [http-nio-8085-exec-5] GET "/swagger-resources", parameters={}
2024-05-13 20:00:10,455 DEBUG org.springframework.web.servlet.handler.AbstractHandlerMapping [http-nio-8085-exec-5] Mapped to springfox.documentation.swagger.web.ApiResourceController#swaggerResources()
2024-05-13 20:00:10,456 DEBUG org.springframework.web.servlet.mvc.method.annotation.AbstractMessageConverterMethodProcessor [http-nio-8085-exec-5] Using 'application/json', given [application/json] and supported [application/json]
2024-05-13 20:00:10,456 DEBUG org.springframework.core.log.LogFormatUtils [http-nio-8085-exec-5] Writing [[springfox.documentation.swagger.web.SwaggerResource@265ca355]]
2024-05-13 20:00:10,458 DEBUG org.springframework.web.servlet.FrameworkServlet [http-nio-8085-exec-5] Completed 200 OK
2024-05-13 20:00:10,506 DEBUG org.springframework.core.log.LogFormatUtils [http-nio-8085-exec-8] GET "/v2/api-docs", parameters={}
2024-05-13 20:00:10,507 DEBUG org.springframework.web.servlet.handler.AbstractHandlerMapping [http-nio-8085-exec-8] Mapped to springfox.documentation.swagger2.web.Swagger2ControllerWebMvc#getDocumentation(String, HttpServletRequest)
2024-05-13 20:00:10,514 DEBUG org.springframework.web.servlet.mvc.method.annotation.AbstractMessageConverterMethodProcessor [http-nio-8085-exec-8] Using 'application/json', given [application/json, */*] and supported [application/json, application/hal+json]
2024-05-13 20:00:10,515 DEBUG org.springframework.core.log.LogFormatUtils [http-nio-8085-exec-8] Writing [springfox.documentation.spring.web.json.Json@71be3add]
2024-05-13 20:00:10,517 DEBUG org.springframework.web.servlet.FrameworkServlet [http-nio-8085-exec-8] Completed 200 OK
2024-05-13 20:01:26,576 DEBUG org.springframework.core.log.LogFormatUtils [http-nio-8085-exec-10] GET "/swagger-resources/configuration/ui", parameters={}
2024-05-13 20:01:26,577 DEBUG org.springframework.web.servlet.handler.AbstractHandlerMapping [http-nio-8085-exec-10] Mapped to springfox.documentation.swagger.web.ApiResourceController#uiConfiguration()
2024-05-13 20:01:26,578 DEBUG org.springframework.web.servlet.mvc.method.annotation.AbstractMessageConverterMethodProcessor [http-nio-8085-exec-10] Using 'application/json', given [application/json] and supported [application/json]
2024-05-13 20:01:26,578 DEBUG org.springframework.core.log.LogFormatUtils [http-nio-8085-exec-10] Writing [springfox.documentation.swagger.web.UiConfiguration@7d3ad512]
2024-05-13 20:01:26,580 DEBUG org.springframework.web.servlet.FrameworkServlet [http-nio-8085-exec-10] Completed 200 OK
2024-05-13 20:01:26,588 DEBUG org.springframework.core.log.LogFormatUtils [http-nio-8085-exec-4] GET "/swagger-resources/configuration/security", parameters={}
2024-05-13 20:01:26,589 DEBUG org.springframework.web.servlet.handler.AbstractHandlerMapping [http-nio-8085-exec-4] Mapped to springfox.documentation.swagger.web.ApiResourceController#securityConfiguration()
2024-05-13 20:01:26,590 DEBUG org.springframework.web.servlet.mvc.method.annotation.AbstractMessageConverterMethodProcessor [http-nio-8085-exec-4] Using 'application/json', given [application/json] and supported [application/json]
2024-05-13 20:01:26,590 DEBUG org.springframework.core.log.LogFormatUtils [http-nio-8085-exec-4] Writing [springfox.documentation.swagger.web.SecurityConfiguration@5c52b087]
2024-05-13 20:01:26,592 DEBUG org.springframework.web.servlet.FrameworkServlet [http-nio-8085-exec-4] Completed 200 OK
2024-05-13 20:01:26,598 DEBUG org.springframework.core.log.LogFormatUtils [http-nio-8085-exec-6] GET "/swagger-resources", parameters={}
2024-05-13 20:01:26,599 DEBUG org.springframework.web.servlet.handler.AbstractHandlerMapping [http-nio-8085-exec-6] Mapped to springfox.documentation.swagger.web.ApiResourceController#swaggerResources()
2024-05-13 20:01:26,600 DEBUG org.springframework.web.servlet.mvc.method.annotation.AbstractMessageConverterMethodProcessor [http-nio-8085-exec-6] Using 'application/json', given [application/json] and supported [application/json]
2024-05-13 20:01:26,600 DEBUG org.springframework.core.log.LogFormatUtils [http-nio-8085-exec-6] Writing [[springfox.documentation.swagger.web.SwaggerResource@d34ffb6]]
2024-05-13 20:01:26,602 DEBUG org.springframework.web.servlet.FrameworkServlet [http-nio-8085-exec-6] Completed 200 OK
2024-05-13 20:01:26,659 DEBUG org.springframework.core.log.LogFormatUtils [http-nio-8085-exec-3] GET "/v2/api-docs", parameters={}
2024-05-13 20:01:26,660 DEBUG org.springframework.web.servlet.handler.AbstractHandlerMapping [http-nio-8085-exec-3] Mapped to springfox.documentation.swagger2.web.Swagger2ControllerWebMvc#getDocumentation(String, HttpServletRequest)
2024-05-13 20:01:26,665 DEBUG org.springframework.web.servlet.mvc.method.annotation.AbstractMessageConverterMethodProcessor [http-nio-8085-exec-3] Using 'application/json', given [application/json, */*] and supported [application/json, application/hal+json]
2024-05-13 20:01:26,666 DEBUG org.springframework.core.log.LogFormatUtils [http-nio-8085-exec-3] Writing [springfox.documentation.spring.web.json.Json@41b55af0]
2024-05-13 20:01:26,671 DEBUG org.springframework.web.servlet.FrameworkServlet [http-nio-8085-exec-3] Completed 200 OK
2024-05-13 20:01:37,308 DEBUG org.springframework.core.log.LogFormatUtils [http-nio-8085-exec-5] GET "/swagger-ui/", parameters={}
2024-05-13 20:01:37,308 DEBUG org.springframework.web.servlet.handler.AbstractHandlerMapping [http-nio-8085-exec-5] Mapped to ParameterizableViewController [view="forward:/swagger-ui/index.html"]
2024-05-13 20:01:37,308 DEBUG org.springframework.web.servlet.view.ContentNegotiatingViewResolver [http-nio-8085-exec-5] Selected 'text/html' given [text/html, application/xhtml+xml, image/avif, image/webp, image/apng, application/xml;q=0.9, application/signed-exchange;v=b3;q=0.7, */*;q=0.8]
2024-05-13 20:01:37,308 DEBUG org.springframework.web.servlet.view.AbstractView [http-nio-8085-exec-5] View name 'forward:', model {}
2024-05-13 20:01:37,308 DEBUG org.springframework.web.servlet.view.InternalResourceView [http-nio-8085-exec-5] Forwarding to [/swagger-ui/index.html]
2024-05-13 20:01:37,308 DEBUG org.springframework.core.log.LogFormatUtils [http-nio-8085-exec-5] "FORWARD" dispatch for GET "/swagger-ui/index.html", parameters={}
2024-05-13 20:01:37,308 DEBUG org.springframework.web.servlet.handler.AbstractHandlerMapping [http-nio-8085-exec-5] Mapped to ResourceHttpRequestHandler [Classpath [META-INF/resources/webjars/springfox-swagger-ui/]]
2024-05-13 20:01:37,308 DEBUG org.springframework.web.servlet.FrameworkServlet [http-nio-8085-exec-5] Exiting from "FORWARD" dispatch, status 200
2024-05-13 20:01:37,308 DEBUG org.springframework.web.servlet.FrameworkServlet [http-nio-8085-exec-5] Completed 200 OK
2024-05-13 20:01:37,387 DEBUG org.springframework.core.log.LogFormatUtils [http-nio-8085-exec-8] GET "/swagger-ui/springfox.css?v=3.0.0", parameters={masked}
2024-05-13 20:01:37,387 DEBUG org.springframework.web.servlet.handler.AbstractHandlerMapping [http-nio-8085-exec-8] Mapped to ResourceHttpRequestHandler [Classpath [META-INF/resources/webjars/springfox-swagger-ui/]]
2024-05-13 20:01:37,387 DEBUG org.springframework.web.servlet.FrameworkServlet [http-nio-8085-exec-8] Completed 200 OK
2024-05-13 20:01:37,402 DEBUG org.springframework.core.log.LogFormatUtils [http-nio-8085-exec-7] GET "/swagger-ui/swagger-ui.css?v=3.0.0", parameters={masked}
2024-05-13 20:01:37,402 DEBUG org.springframework.web.servlet.handler.AbstractHandlerMapping [http-nio-8085-exec-7] Mapped to ResourceHttpRequestHandler [Classpath [META-INF/resources/webjars/springfox-swagger-ui/]]
2024-05-13 20:01:37,402 DEBUG org.springframework.core.log.LogFormatUtils [http-nio-8085-exec-2] GET "/swagger-ui/springfox.js?v=3.0.0", parameters={masked}
2024-05-13 20:01:37,402 DEBUG org.springframework.core.log.LogFormatUtils [http-nio-8085-exec-9] GET "/swagger-ui/swagger-ui-bundle.js?v=3.0.0", parameters={masked}
2024-05-13 20:01:37,402 DEBUG org.springframework.core.log.LogFormatUtils [http-nio-8085-exec-1] GET "/swagger-ui/swagger-ui-standalone-preset.js?v=3.0.0", parameters={masked}
2024-05-13 20:01:37,402 DEBUG org.springframework.web.servlet.handler.AbstractHandlerMapping [http-nio-8085-exec-1] Mapped to ResourceHttpRequestHandler [Classpath [META-INF/resources/webjars/springfox-swagger-ui/]]
2024-05-13 20:01:37,402 DEBUG org.springframework.web.servlet.handler.AbstractHandlerMapping [http-nio-8085-exec-9] Mapped to ResourceHttpRequestHandler [Classpath [META-INF/resources/webjars/springfox-swagger-ui/]]
2024-05-13 20:01:37,402 DEBUG org.springframework.web.servlet.handler.AbstractHandlerMapping [http-nio-8085-exec-2] Mapped to ResourceHttpRequestHandler [Classpath [META-INF/resources/webjars/springfox-swagger-ui/]]
2024-05-13 20:01:37,418 DEBUG org.springframework.web.servlet.FrameworkServlet [http-nio-8085-exec-7] Completed 200 OK
2024-05-13 20:01:37,434 DEBUG org.springframework.web.servlet.FrameworkServlet [http-nio-8085-exec-1] Completed 200 OK
2024-05-13 20:01:37,434 DEBUG org.springframework.web.servlet.FrameworkServlet [http-nio-8085-exec-2] Completed 200 OK
2024-05-13 20:01:37,450 DEBUG org.springframework.web.servlet.FrameworkServlet [http-nio-8085-exec-9] Completed 200 OK
2024-05-13 20:01:37,638 DEBUG org.springframework.core.log.LogFormatUtils [http-nio-8085-exec-10] GET "/swagger-resources/configuration/ui", parameters={}
2024-05-13 20:01:37,638 DEBUG org.springframework.web.servlet.handler.AbstractHandlerMapping [http-nio-8085-exec-10] Mapped to springfox.documentation.swagger.web.ApiResourceController#uiConfiguration()
2024-05-13 20:01:37,638 DEBUG org.springframework.web.servlet.mvc.method.annotation.AbstractMessageConverterMethodProcessor [http-nio-8085-exec-10] Using 'application/json', given [application/json] and supported [application/json]
2024-05-13 20:01:37,638 DEBUG org.springframework.core.log.LogFormatUtils [http-nio-8085-exec-10] Writing [springfox.documentation.swagger.web.UiConfiguration@7d3ad512]
2024-05-13 20:01:37,638 DEBUG org.springframework.web.servlet.FrameworkServlet [http-nio-8085-exec-10] Completed 200 OK
2024-05-13 20:01:37,638 DEBUG org.springframework.core.log.LogFormatUtils [http-nio-8085-exec-4] GET "/swagger-ui/favicon-32x32.png?v=3.0.0", parameters={masked}
2024-05-13 20:01:37,654 DEBUG org.springframework.web.servlet.handler.AbstractHandlerMapping [http-nio-8085-exec-4] Mapped to ResourceHttpRequestHandler [Classpath [META-INF/resources/webjars/springfox-swagger-ui/]]
2024-05-13 20:01:37,654 DEBUG org.springframework.web.servlet.FrameworkServlet [http-nio-8085-exec-4] Completed 200 OK
2024-05-13 20:01:37,654 DEBUG org.springframework.core.log.LogFormatUtils [http-nio-8085-exec-6] GET "/swagger-resources/configuration/security", parameters={}
2024-05-13 20:01:37,654 DEBUG org.springframework.web.servlet.handler.AbstractHandlerMapping [http-nio-8085-exec-6] Mapped to springfox.documentation.swagger.web.ApiResourceController#securityConfiguration()
2024-05-13 20:01:37,654 DEBUG org.springframework.web.servlet.mvc.method.annotation.AbstractMessageConverterMethodProcessor [http-nio-8085-exec-6] Using 'application/json', given [application/json] and supported [application/json]
2024-05-13 20:01:37,654 DEBUG org.springframework.core.log.LogFormatUtils [http-nio-8085-exec-6] Writing [springfox.documentation.swagger.web.SecurityConfiguration@5c52b087]
2024-05-13 20:01:37,654 DEBUG org.springframework.web.servlet.FrameworkServlet [http-nio-8085-exec-6] Completed 200 OK
2024-05-13 20:01:37,669 DEBUG org.springframework.core.log.LogFormatUtils [http-nio-8085-exec-3] GET "/swagger-resources", parameters={}
2024-05-13 20:01:37,669 DEBUG org.springframework.web.servlet.handler.AbstractHandlerMapping [http-nio-8085-exec-3] Mapped to springfox.documentation.swagger.web.ApiResourceController#swaggerResources()
2024-05-13 20:01:37,669 DEBUG org.springframework.web.servlet.mvc.method.annotation.AbstractMessageConverterMethodProcessor [http-nio-8085-exec-3] Using 'application/json', given [application/json] and supported [application/json]
2024-05-13 20:01:37,669 DEBUG org.springframework.core.log.LogFormatUtils [http-nio-8085-exec-3] Writing [[springfox.documentation.swagger.web.SwaggerResource@12ebc679]]
2024-05-13 20:01:37,669 DEBUG org.springframework.web.servlet.FrameworkServlet [http-nio-8085-exec-3] Completed 200 OK
2024-05-13 20:01:37,716 DEBUG org.springframework.core.log.LogFormatUtils [http-nio-8085-exec-5] GET "/v2/api-docs", parameters={}
2024-05-13 20:01:37,716 DEBUG org.springframework.web.servlet.handler.AbstractHandlerMapping [http-nio-8085-exec-5] Mapped to springfox.documentation.swagger2.web.Swagger2ControllerWebMvc#getDocumentation(String, HttpServletRequest)
2024-05-13 20:01:37,716 DEBUG org.springframework.web.servlet.mvc.method.annotation.AbstractMessageConverterMethodProcessor [http-nio-8085-exec-5] Using 'application/json', given [application/json, */*] and supported [application/json, application/hal+json]
2024-05-13 20:01:37,716 DEBUG org.springframework.core.log.LogFormatUtils [http-nio-8085-exec-5] Writing [springfox.documentation.spring.web.json.Json@5397fd57]
2024-05-13 20:01:37,716 DEBUG org.springframework.web.servlet.FrameworkServlet [http-nio-8085-exec-5] Completed 200 OK
2024-05-13 20:01:43,425 DEBUG org.springframework.core.log.LogFormatUtils [http-nio-8085-exec-8] GET "/swagger-ui.html", parameters={}
2024-05-13 20:01:43,425 DEBUG org.springframework.web.servlet.handler.AbstractHandlerMapping [http-nio-8085-exec-8] Mapped to ResourceHttpRequestHandler [Classpath [META-INF/resources/], Classpath [resources/], Classpath [static/], Classpath [public/], ServletContext [/]]
2024-05-13 20:01:43,425 DEBUG org.springframework.web.servlet.resource.ResourceHttpRequestHandler [http-nio-8085-exec-8] Resource not found
2024-05-13 20:01:43,425 DEBUG org.springframework.web.servlet.FrameworkServlet [http-nio-8085-exec-8] Completed 404 NOT_FOUND
2024-05-13 20:01:43,425 DEBUG org.springframework.core.log.LogFormatUtils [http-nio-8085-exec-8] "ERROR" dispatch for GET "/error", parameters={}
2024-05-13 20:01:43,441 DEBUG org.springframework.web.servlet.handler.AbstractHandlerMapping [http-nio-8085-exec-8] Mapped to org.springframework.boot.autoconfigure.web.servlet.error.BasicErrorController#errorHtml(HttpServletRequest, HttpServletResponse)
2024-05-13 20:01:43,457 DEBUG org.springframework.web.servlet.view.ContentNegotiatingViewResolver [http-nio-8085-exec-8] Selected 'text/html' given [text/html, text/html;q=0.8]
2024-05-13 20:01:43,472 DEBUG org.springframework.web.servlet.FrameworkServlet [http-nio-8085-exec-8] Exiting from "ERROR" dispatch, status 404
2024-05-13 20:01:43,582 DEBUG org.springframework.core.log.LogFormatUtils [http-nio-8085-exec-7] GET "/favicon.ico", parameters={}
2024-05-13 20:01:43,582 DEBUG org.springframework.web.servlet.handler.AbstractHandlerMapping [http-nio-8085-exec-7] Mapped to ResourceHttpRequestHandler [Classpath [META-INF/resources/], Classpath [resources/], Classpath [static/], Classpath [public/], ServletContext [/]]
2024-05-13 20:01:43,582 DEBUG org.springframework.web.servlet.resource.ResourceHttpRequestHandler [http-nio-8085-exec-7] Resource not found
2024-05-13 20:01:43,582 DEBUG org.springframework.web.servlet.FrameworkServlet [http-nio-8085-exec-7] Completed 404 NOT_FOUND
2024-05-13 20:01:43,582 DEBUG org.springframework.core.log.LogFormatUtils [http-nio-8085-exec-7] "ERROR" dispatch for GET "/error", parameters={}
2024-05-13 20:01:43,582 DEBUG org.springframework.web.servlet.handler.AbstractHandlerMapping [http-nio-8085-exec-7] Mapped to org.springframework.boot.autoconfigure.web.servlet.error.BasicErrorController#error(HttpServletRequest)
2024-05-13 20:01:43,582 DEBUG org.springframework.web.servlet.mvc.method.annotation.AbstractMessageConverterMethodProcessor [http-nio-8085-exec-7] Using 'application/json;q=0.8', given [image/avif, image/webp, image/apng, image/svg+xml, image/*, */*;q=0.8] and supported [application/json, application/*+json, application/json, application/*+json]
2024-05-13 20:01:43,582 DEBUG org.springframework.core.log.LogFormatUtils [http-nio-8085-exec-7] Writing [{timestamp=Mon May 13 20:01:43 WEST 2024, status=404, error=Not Found, path=/favicon.ico}]
2024-05-13 20:01:43,613 DEBUG org.springframework.web.servlet.FrameworkServlet [http-nio-8085-exec-7] Exiting from "ERROR" dispatch, status 404
2024-05-13 20:01:51,095 DEBUG org.springframework.core.log.LogFormatUtils [http-nio-8085-exec-1] GET "/swagger-ui.html", parameters={}
2024-05-13 20:01:51,095 DEBUG org.springframework.web.servlet.handler.AbstractHandlerMapping [http-nio-8085-exec-1] Mapped to ResourceHttpRequestHandler [Classpath [META-INF/resources/], Classpath [resources/], Classpath [static/], Classpath [public/], ServletContext [/]]
2024-05-13 20:01:51,095 DEBUG org.springframework.web.servlet.resource.ResourceHttpRequestHandler [http-nio-8085-exec-1] Resource not found
2024-05-13 20:01:51,095 DEBUG org.springframework.web.servlet.FrameworkServlet [http-nio-8085-exec-1] Completed 404 NOT_FOUND
2024-05-13 20:01:51,095 DEBUG org.springframework.core.log.LogFormatUtils [http-nio-8085-exec-1] "ERROR" dispatch for GET "/error", parameters={}
2024-05-13 20:01:51,095 DEBUG org.springframework.web.servlet.handler.AbstractHandlerMapping [http-nio-8085-exec-1] Mapped to org.springframework.boot.autoconfigure.web.servlet.error.BasicErrorController#errorHtml(HttpServletRequest, HttpServletResponse)
2024-05-13 20:01:51,111 DEBUG org.springframework.web.servlet.view.ContentNegotiatingViewResolver [http-nio-8085-exec-1] Selected 'text/html' given [text/html, text/html;q=0.8]
2024-05-13 20:01:51,111 DEBUG org.springframework.web.servlet.FrameworkServlet [http-nio-8085-exec-1] Exiting from "ERROR" dispatch, status 404
2024-05-13 20:01:57,511 DEBUG org.springframework.core.log.LogFormatUtils [http-nio-8085-exec-2] GET "/swagger-ui", parameters={}
2024-05-13 20:01:57,511 DEBUG org.springframework.web.servlet.handler.AbstractHandlerMapping [http-nio-8085-exec-2] Mapped to ResourceHttpRequestHandler [Classpath [META-INF/resources/webjars/springfox-swagger-ui/]]
2024-05-13 20:01:57,511 DEBUG org.springframework.web.servlet.resource.ResourceHttpRequestHandler [http-nio-8085-exec-2] Resource not found
2024-05-13 20:01:57,511 DEBUG org.springframework.web.servlet.FrameworkServlet [http-nio-8085-exec-2] Completed 404 NOT_FOUND
2024-05-13 20:01:57,511 DEBUG org.springframework.core.log.LogFormatUtils [http-nio-8085-exec-2] "ERROR" dispatch for GET "/error", parameters={}
2024-05-13 20:01:57,511 DEBUG org.springframework.web.servlet.handler.AbstractHandlerMapping [http-nio-8085-exec-2] Mapped to org.springframework.boot.autoconfigure.web.servlet.error.BasicErrorController#errorHtml(HttpServletRequest, HttpServletResponse)
2024-05-13 20:01:57,511 DEBUG org.springframework.web.servlet.view.ContentNegotiatingViewResolver [http-nio-8085-exec-2] Selected 'text/html' given [text/html, text/html;q=0.8]
2024-05-13 20:01:57,511 DEBUG org.springframework.web.servlet.FrameworkServlet [http-nio-8085-exec-2] Exiting from "ERROR" dispatch, status 404
2024-05-13 20:02:10,794 DEBUG org.springframework.core.log.LogFormatUtils [http-nio-8085-exec-9] GET "/v2/api-docs", parameters={}
2024-05-13 20:02:10,794 DEBUG org.springframework.web.servlet.handler.AbstractHandlerMapping [http-nio-8085-exec-9] Mapped to springfox.documentation.swagger2.web.Swagger2ControllerWebMvc#getDocumentation(String, HttpServletRequest)
2024-05-13 20:02:10,794 DEBUG org.springframework.web.servlet.mvc.method.annotation.AbstractMessageConverterMethodProcessor [http-nio-8085-exec-9] Using 'application/json;q=0.8', given [text/html, application/xhtml+xml, image/avif, image/webp, image/apng, application/xml;q=0.9, application/signed-exchange;v=b3;q=0.7, */*;q=0.8] and supported [application/json, application/hal+json]
2024-05-13 20:02:10,794 DEBUG org.springframework.core.log.LogFormatUtils [http-nio-8085-exec-9] Writing [springfox.documentation.spring.web.json.Json@53c72ae4]
2024-05-13 20:02:10,809 DEBUG org.springframework.web.servlet.FrameworkServlet [http-nio-8085-exec-9] Completed 200 OK
2024-05-13 20:03:51,894 DEBUG org.springframework.core.log.LogFormatUtils [http-nio-8085-exec-8] GET "/students", parameters={}
2024-05-13 20:03:51,894 DEBUG org.springframework.web.servlet.handler.AbstractHandlerMapping [http-nio-8085-exec-8] Mapped to ResourceHttpRequestHandler [Classpath [META-INF/resources/], Classpath [resources/], Classpath [static/], Classpath [public/], ServletContext [/]]
2024-05-13 20:03:51,894 DEBUG org.springframework.web.servlet.resource.ResourceHttpRequestHandler [http-nio-8085-exec-8] Resource not found
2024-05-13 20:03:51,894 DEBUG org.springframework.web.servlet.FrameworkServlet [http-nio-8085-exec-8] Completed 404 NOT_FOUND
2024-05-13 20:03:51,894 DEBUG org.springframework.core.log.LogFormatUtils [http-nio-8085-exec-8] "ERROR" dispatch for GET "/error", parameters={}
2024-05-13 20:03:51,894 DEBUG org.springframework.web.servlet.handler.AbstractHandlerMapping [http-nio-8085-exec-8] Mapped to org.springframework.boot.autoconfigure.web.servlet.error.BasicErrorController#errorHtml(HttpServletRequest, HttpServletResponse)
2024-05-13 20:03:51,906 DEBUG org.springframework.web.servlet.view.ContentNegotiatingViewResolver [http-nio-8085-exec-8] Selected 'text/html' given [text/html, text/html;q=0.8]
2024-05-13 20:03:51,906 DEBUG org.springframework.web.servlet.FrameworkServlet [http-nio-8085-exec-8] Exiting from "ERROR" dispatch, status 404
2024-05-13 20:04:00,331 DEBUG org.springframework.core.log.LogFormatUtils [http-nio-8085-exec-7] GET "/student", parameters={}
2024-05-13 20:04:00,331 DEBUG org.springframework.web.servlet.handler.AbstractHandlerMapping [http-nio-8085-exec-7] Mapped to com.javatp.controllers.StudentController#findAll()
2024-05-13 20:04:00,566 DEBUG org.springframework.web.servlet.mvc.method.annotation.AbstractMessageConverterMethodProcessor [http-nio-8085-exec-7] Using 'application/json;q=0.8', given [text/html, application/xhtml+xml, image/avif, image/webp, image/apng, application/xml;q=0.9, application/signed-exchange;v=b3;q=0.7, */*;q=0.8] and supported [application/json, application/*+json, application/json, application/*+json]
2024-05-13 20:04:00,566 DEBUG org.springframework.core.log.LogFormatUtils [http-nio-8085-exec-7] Writing [[]]
2024-05-13 20:04:00,566 DEBUG org.springframework.web.servlet.FrameworkServlet [http-nio-8085-exec-7] Completed 200 OK
2024-05-13 20:04:33,699 DEBUG org.springframework.core.log.LogFormatUtils [http-nio-8085-exec-1] GET "/v2/api-docs", parameters={}
2024-05-13 20:04:33,699 DEBUG org.springframework.web.servlet.handler.AbstractHandlerMapping [http-nio-8085-exec-1] Mapped to springfox.documentation.swagger2.web.Swagger2ControllerWebMvc#getDocumentation(String, HttpServletRequest)
2024-05-13 20:04:33,708 DEBUG org.springframework.web.servlet.mvc.method.annotation.AbstractMessageConverterMethodProcessor [http-nio-8085-exec-1] Using 'application/json;q=0.8', given [text/html, application/xhtml+xml, image/avif, image/webp, image/apng, application/xml;q=0.9, application/signed-exchange;v=b3;q=0.7, */*;q=0.8] and supported [application/json, application/hal+json]
2024-05-13 20:04:33,708 DEBUG org.springframework.core.log.LogFormatUtils [http-nio-8085-exec-1] Writing [springfox.documentation.spring.web.json.Json@5071fa97]
2024-05-13 20:04:33,717 DEBUG org.springframework.web.servlet.FrameworkServlet [http-nio-8085-exec-1] Completed 200 OK
2024-05-13 20:05:27,497 INFO org.springframework.orm.jpa.AbstractEntityManagerFactoryBean [SpringApplicationShutdownHook] Closing JPA EntityManagerFactory for persistence unit 'default'
2024-05-13 20:05:27,590 INFO com.zaxxer.hikari.HikariDataSource [SpringApplicationShutdownHook] HikariPool-1 - Shutdown initiated...
2024-05-13 20:05:27,605 INFO com.zaxxer.hikari.HikariDataSource [SpringApplicationShutdownHook] HikariPool-1 - Shutdown completed.
2024-05-13 20:05:32,999 INFO org.springframework.boot.StartupInfoLogger [main] Starting TpPfeApplication using Java 21.0.2 on DGHAYMA with PID 2568 (C:\Users\dghay\IdeaProjects\tp-pfe\target\classes started by dghay in C:\Users\dghay\IdeaProjects\tp-pfe)
2024-05-13 20:05:33,003 DEBUG org.springframework.boot.StartupInfoLogger [main] Running with Spring Boot v2.5.1, Spring v5.3.8
2024-05-13 20:05:33,004 INFO org.springframework.boot.SpringApplication [main] The following profiles are active: local
2024-05-13 20:05:34,882 INFO org.springframework.data.repository.config.RepositoryConfigurationDelegate [main] Bootstrapping Spring Data JPA repositories in DEFAULT mode.
2024-05-13 20:05:34,994 INFO org.springframework.data.repository.config.RepositoryConfigurationDelegate [main] Finished Spring Data repository scanning in 97 ms. Found 1 JPA repository interfaces.
2024-05-13 20:05:36,279 INFO org.springframework.boot.web.embedded.tomcat.TomcatWebServer [main] Tomcat initialized with port(s): 8085 (http)
2024-05-13 20:05:36,301 INFO org.apache.juli.logging.DirectJDKLog [main] Initializing ProtocolHandler ["http-nio-8085"]
2024-05-13 20:05:36,303 INFO org.apache.juli.logging.DirectJDKLog [main] Starting service [Tomcat]
2024-05-13 20:05:36,304 INFO org.apache.juli.logging.DirectJDKLog [main] Starting Servlet engine: [Apache Tomcat/9.0.46]
2024-05-13 20:05:36,467 INFO org.apache.juli.logging.DirectJDKLog [main] Initializing Spring embedded WebApplicationContext
2024-05-13 20:05:36,468 INFO org.springframework.boot.web.servlet.context.ServletWebServerApplicationContext [main] Root WebApplicationContext: initialization completed in 3348 ms
2024-05-13 20:05:36,666 INFO com.zaxxer.hikari.HikariDataSource [main] HikariPool-1 - Starting...
2024-05-13 20:05:37,020 INFO com.zaxxer.hikari.HikariDataSource [main] HikariPool-1 - Start completed.
2024-05-13 20:05:39,107 INFO org.springframework.orm.jpa.AbstractEntityManagerFactoryBean [main] Initialized JPA EntityManagerFactory for persistence unit 'default'
2024-05-13 20:05:40,199 WARN org.springframework.boot.autoconfigure.orm.jpa.JpaBaseConfiguration$JpaWebConfiguration [main] spring.jpa.open-in-view is enabled by default. Therefore, database queries may be performed during view rendering. Explicitly configure spring.jpa.open-in-view to disable this warning
2024-05-13 20:05:40,348 DEBUG org.springframework.web.servlet.handler.AbstractHandlerMethodMapping [main] 10 mappings in 'requestMappingHandlerMapping'
2024-05-13 20:05:40,616 DEBUG org.springframework.web.servlet.mvc.method.annotation.RequestMappingHandlerAdapter [main] ControllerAdvice beans: 0 @ModelAttribute, 0 @InitBinder, 1 RequestBodyAdvice, 1 ResponseBodyAdvice
2024-05-13 20:05:40,688 DEBUG org.springframework.web.servlet.handler.SimpleUrlHandlerMapping [main] Patterns [/swagger-ui/] in 'viewControllerHandlerMapping'
2024-05-13 20:05:40,726 DEBUG org.springframework.web.servlet.handler.SimpleUrlHandlerMapping [main] Patterns [/webjars/**, /**, /swagger-ui/**] in 'resourceHandlerMapping'
2024-05-13 20:05:40,739 DEBUG org.springframework.web.servlet.mvc.method.annotation.ExceptionHandlerExceptionResolver [main] ControllerAdvice beans: 0 @ExceptionHandler, 1 ResponseBodyAdvice
2024-05-13 20:05:40,891 INFO org.apache.juli.logging.DirectJDKLog [main] Starting ProtocolHandler ["http-nio-8085"]
2024-05-13 20:05:40,982 INFO org.springframework.boot.web.embedded.tomcat.TomcatWebServer [main] Tomcat started on port(s): 8085 (http) with context path ''
2024-05-13 20:05:41,395 INFO org.springframework.boot.StartupInfoLogger [main] Started TpPfeApplication in 9.226 seconds (JVM running for 10.332)
2024-05-13 20:05:41,402 INFO com.javatp.JavaTpApplication [main] Access URLs:
----------------------------------------------------------
	Local: 		http://127.0.0.1:8085/swagger-ui/#/
	External: 	http://192.168.1.2:8085/swagger-ui/#/
----------------------------------------------------------
2024-05-13 20:05:45,234 INFO org.apache.juli.logging.DirectJDKLog [http-nio-8085-exec-1] Initializing Spring DispatcherServlet 'dispatcherServlet'
2024-05-13 20:05:45,235 INFO org.springframework.web.servlet.FrameworkServlet [http-nio-8085-exec-1] Initializing Servlet 'dispatcherServlet'
2024-05-13 20:05:45,236 DEBUG org.springframework.web.servlet.DispatcherServlet [http-nio-8085-exec-1] Detected StandardServletMultipartResolver
2024-05-13 20:05:45,236 DEBUG org.springframework.web.servlet.DispatcherServlet [http-nio-8085-exec-1] Detected AcceptHeaderLocaleResolver
2024-05-13 20:05:45,237 DEBUG org.springframework.web.servlet.DispatcherServlet [http-nio-8085-exec-1] Detected FixedThemeResolver
2024-05-13 20:05:45,239 DEBUG org.springframework.web.servlet.DispatcherServlet [http-nio-8085-exec-1] Detected org.springframework.web.servlet.view.DefaultRequestToViewNameTranslator@211cf27b
2024-05-13 20:05:45,240 DEBUG org.springframework.web.servlet.DispatcherServlet [http-nio-8085-exec-1] Detected org.springframework.web.servlet.support.SessionFlashMapManager@6de4071b
2024-05-13 20:05:45,240 DEBUG org.springframework.web.servlet.FrameworkServlet [http-nio-8085-exec-1] enableLoggingRequestDetails='false': request parameters and headers will be masked to prevent unsafe logging of potentially sensitive data
2024-05-13 20:05:45,241 INFO org.springframework.web.servlet.FrameworkServlet [http-nio-8085-exec-1] Completed initialization in 5 ms
2024-05-13 20:05:45,259 DEBUG org.springframework.core.log.LogFormatUtils [http-nio-8085-exec-1] GET "/swagger-resources/configuration/ui", parameters={}
2024-05-13 20:05:45,267 DEBUG org.springframework.web.servlet.handler.AbstractHandlerMapping [http-nio-8085-exec-1] Mapped to springfox.documentation.swagger.web.ApiResourceController#uiConfiguration()
2024-05-13 20:05:45,296 DEBUG org.springframework.web.servlet.mvc.method.annotation.AbstractMessageConverterMethodProcessor [http-nio-8085-exec-1] Using 'application/json', given [application/json] and supported [application/json]
2024-05-13 20:05:45,335 DEBUG org.springframework.core.log.LogFormatUtils [http-nio-8085-exec-1] Writing [springfox.documentation.swagger.web.UiConfiguration@12b3af81]
2024-05-13 20:05:45,363 DEBUG org.springframework.web.servlet.FrameworkServlet [http-nio-8085-exec-1] Completed 200 OK
2024-05-13 20:05:45,365 DEBUG org.springframework.core.log.LogFormatUtils [http-nio-8085-exec-2] GET "/swagger-resources/configuration/ui", parameters={}
2024-05-13 20:05:45,366 DEBUG org.springframework.web.servlet.handler.AbstractHandlerMapping [http-nio-8085-exec-2] Mapped to springfox.documentation.swagger.web.ApiResourceController#uiConfiguration()
2024-05-13 20:05:45,368 DEBUG org.springframework.web.servlet.mvc.method.annotation.AbstractMessageConverterMethodProcessor [http-nio-8085-exec-2] Using 'application/json', given [application/json] and supported [application/json]
2024-05-13 20:05:45,369 DEBUG org.springframework.core.log.LogFormatUtils [http-nio-8085-exec-2] Writing [springfox.documentation.swagger.web.UiConfiguration@12b3af81]
2024-05-13 20:05:45,371 DEBUG org.springframework.web.servlet.FrameworkServlet [http-nio-8085-exec-2] Completed 200 OK
2024-05-13 20:05:45,371 DEBUG org.springframework.core.log.LogFormatUtils [http-nio-8085-exec-3] GET "/swagger-resources/configuration/security", parameters={}
2024-05-13 20:05:45,372 DEBUG org.springframework.web.servlet.handler.AbstractHandlerMapping [http-nio-8085-exec-3] Mapped to springfox.documentation.swagger.web.ApiResourceController#securityConfiguration()
2024-05-13 20:05:45,377 DEBUG org.springframework.web.servlet.mvc.method.annotation.AbstractMessageConverterMethodProcessor [http-nio-8085-exec-3] Using 'application/json', given [application/json] and supported [application/json]
2024-05-13 20:05:45,383 DEBUG org.springframework.core.log.LogFormatUtils [http-nio-8085-exec-3] Writing [springfox.documentation.swagger.web.SecurityConfiguration@62a5146a]
2024-05-13 20:05:45,386 DEBUG org.springframework.web.servlet.FrameworkServlet [http-nio-8085-exec-3] Completed 200 OK
2024-05-13 20:05:45,389 DEBUG org.springframework.core.log.LogFormatUtils [http-nio-8085-exec-4] GET "/swagger-resources/configuration/security", parameters={}
2024-05-13 20:05:45,390 DEBUG org.springframework.web.servlet.handler.AbstractHandlerMapping [http-nio-8085-exec-4] Mapped to springfox.documentation.swagger.web.ApiResourceController#securityConfiguration()
2024-05-13 20:05:45,391 DEBUG org.springframework.web.servlet.mvc.method.annotation.AbstractMessageConverterMethodProcessor [http-nio-8085-exec-4] Using 'application/json', given [application/json] and supported [application/json]
2024-05-13 20:05:45,392 DEBUG org.springframework.core.log.LogFormatUtils [http-nio-8085-exec-4] Writing [springfox.documentation.swagger.web.SecurityConfiguration@62a5146a]
2024-05-13 20:05:45,393 DEBUG org.springframework.web.servlet.FrameworkServlet [http-nio-8085-exec-4] Completed 200 OK
2024-05-13 20:05:45,395 DEBUG org.springframework.core.log.LogFormatUtils [http-nio-8085-exec-5] GET "/swagger-resources", parameters={}
2024-05-13 20:05:45,396 DEBUG org.springframework.web.servlet.handler.AbstractHandlerMapping [http-nio-8085-exec-5] Mapped to springfox.documentation.swagger.web.ApiResourceController#swaggerResources()
2024-05-13 20:05:45,398 DEBUG org.springframework.web.servlet.mvc.method.annotation.AbstractMessageConverterMethodProcessor [http-nio-8085-exec-5] Using 'application/json', given [application/json] and supported [application/json]
2024-05-13 20:05:45,400 DEBUG org.springframework.core.log.LogFormatUtils [http-nio-8085-exec-5] Writing [[springfox.documentation.swagger.web.SwaggerResource@3c7d4fc8]]
2024-05-13 20:05:45,405 DEBUG org.springframework.web.servlet.FrameworkServlet [http-nio-8085-exec-5] Completed 200 OK
2024-05-13 20:05:45,408 DEBUG org.springframework.core.log.LogFormatUtils [http-nio-8085-exec-6] GET "/swagger-resources", parameters={}
2024-05-13 20:05:45,409 DEBUG org.springframework.web.servlet.handler.AbstractHandlerMapping [http-nio-8085-exec-6] Mapped to springfox.documentation.swagger.web.ApiResourceController#swaggerResources()
2024-05-13 20:05:45,411 DEBUG org.springframework.web.servlet.mvc.method.annotation.AbstractMessageConverterMethodProcessor [http-nio-8085-exec-6] Using 'application/json', given [application/json] and supported [application/json]
2024-05-13 20:05:45,412 DEBUG org.springframework.core.log.LogFormatUtils [http-nio-8085-exec-6] Writing [[springfox.documentation.swagger.web.SwaggerResource@3e4f0af2]]
2024-05-13 20:05:45,414 DEBUG org.springframework.web.servlet.FrameworkServlet [http-nio-8085-exec-6] Completed 200 OK
2024-05-13 20:05:45,476 DEBUG org.springframework.core.log.LogFormatUtils [http-nio-8085-exec-7] GET "/v2/api-docs", parameters={}
2024-05-13 20:05:45,477 DEBUG org.springframework.web.servlet.handler.AbstractHandlerMapping [http-nio-8085-exec-7] Mapped to springfox.documentation.swagger2.web.Swagger2ControllerWebMvc#getDocumentation(String, HttpServletRequest)
2024-05-13 20:05:45,676 DEBUG org.springframework.web.servlet.mvc.method.annotation.AbstractMessageConverterMethodProcessor [http-nio-8085-exec-7] Using 'application/json', given [application/json, */*] and supported [application/json, application/hal+json]
2024-05-13 20:05:45,683 DEBUG org.springframework.core.log.LogFormatUtils [http-nio-8085-exec-7] Writing [springfox.documentation.spring.web.json.Json@7f7b7317]
2024-05-13 20:05:45,687 DEBUG org.springframework.web.servlet.FrameworkServlet [http-nio-8085-exec-7] Completed 200 OK
2024-05-13 20:05:45,691 DEBUG org.springframework.core.log.LogFormatUtils [http-nio-8085-exec-8] GET "/v2/api-docs", parameters={}
2024-05-13 20:05:45,692 DEBUG org.springframework.web.servlet.handler.AbstractHandlerMapping [http-nio-8085-exec-8] Mapped to springfox.documentation.swagger2.web.Swagger2ControllerWebMvc#getDocumentation(String, HttpServletRequest)
2024-05-13 20:05:45,708 DEBUG org.springframework.web.servlet.mvc.method.annotation.AbstractMessageConverterMethodProcessor [http-nio-8085-exec-8] Using 'application/json', given [application/json, */*] and supported [application/json, application/hal+json]
2024-05-13 20:05:45,709 DEBUG org.springframework.core.log.LogFormatUtils [http-nio-8085-exec-8] Writing [springfox.documentation.spring.web.json.Json@8a10ddc]
2024-05-13 20:05:45,711 DEBUG org.springframework.web.servlet.FrameworkServlet [http-nio-8085-exec-8] Completed 200 OK
2024-05-13 20:06:17,300 DEBUG org.springframework.core.log.LogFormatUtils [http-nio-8085-exec-9] GET "/v2/api-docs", parameters={}
2024-05-13 20:06:17,303 DEBUG org.springframework.web.servlet.handler.AbstractHandlerMapping [http-nio-8085-exec-9] Mapped to springfox.documentation.swagger2.web.Swagger2ControllerWebMvc#getDocumentation(String, HttpServletRequest)
2024-05-13 20:06:17,310 DEBUG org.springframework.web.servlet.mvc.method.annotation.AbstractMessageConverterMethodProcessor [http-nio-8085-exec-9] Using 'application/json;q=0.8', given [text/html, application/xhtml+xml, image/avif, image/webp, image/apng, application/xml;q=0.9, application/signed-exchange;v=b3;q=0.7, */*;q=0.8] and supported [application/json, application/hal+json]
2024-05-13 20:06:17,312 DEBUG org.springframework.core.log.LogFormatUtils [http-nio-8085-exec-9] Writing [springfox.documentation.spring.web.json.Json@cefe7dd]
2024-05-13 20:06:17,314 DEBUG org.springframework.web.servlet.FrameworkServlet [http-nio-8085-exec-9] Completed 200 OK
2024-05-13 20:07:13,412 INFO org.springframework.orm.jpa.AbstractEntityManagerFactoryBean [SpringApplicationShutdownHook] Closing JPA EntityManagerFactory for persistence unit 'default'
2024-05-13 20:07:13,501 INFO com.zaxxer.hikari.HikariDataSource [SpringApplicationShutdownHook] HikariPool-1 - Shutdown initiated...
2024-05-13 20:07:13,515 INFO com.zaxxer.hikari.HikariDataSource [SpringApplicationShutdownHook] HikariPool-1 - Shutdown completed.
