2023-10-12 17:48:55,288 INFO org.springframework.boot.StartupInfoLogger [main] Starting TpPfeApplication using Java 17.0.5 on DESKTOP-5MA7Q93 with PID 13904 (C:\Users\dghay\OneDrive\Bureau\IntelliJProjects\tp-pfe\target\classes started by dghay in C:\Users\dghay\OneDrive\Bureau\IntelliJProjects\tp-pfe)
2023-10-12 17:48:55,298 DEBUG org.springframework.boot.StartupInfoLogger [main] Running with Spring Boot v2.5.1, Spring v5.3.8
2023-10-12 17:48:55,304 INFO org.springframework.boot.SpringApplication [main] The following profiles are active: local
2023-10-12 17:48:58,109 INFO org.springframework.data.repository.config.RepositoryConfigurationDelegate [main] Bootstrapping Spring Data JPA repositories in DEFAULT mode.
2023-10-12 17:48:58,503 INFO org.springframework.data.repository.config.RepositoryConfigurationDelegate [main] Finished Spring Data repository scanning in 364 ms. Found 1 JPA repository interfaces.
2023-10-12 17:49:01,028 INFO org.springframework.boot.web.embedded.tomcat.TomcatWebServer [main] Tomcat initialized with port(s): 8085 (http)
2023-10-12 17:49:01,056 INFO org.apache.juli.logging.DirectJDKLog [main] Initializing ProtocolHandler ["http-nio-8085"]
2023-10-12 17:49:01,058 INFO org.apache.juli.logging.DirectJDKLog [main] Starting service [Tomcat]
2023-10-12 17:49:01,058 INFO org.apache.juli.logging.DirectJDKLog [main] Starting Servlet engine: [Apache Tomcat/9.0.46]
2023-10-12 17:49:01,226 INFO org.apache.juli.logging.DirectJDKLog [main] Initializing Spring embedded WebApplicationContext
2023-10-12 17:49:01,226 INFO org.springframework.boot.web.servlet.context.ServletWebServerApplicationContext [main] Root WebApplicationContext: initialization completed in 5812 ms
2023-10-12 17:49:01,378 INFO com.zaxxer.hikari.HikariDataSource [main] HikariPool-1 - Starting...
2023-10-12 17:49:01,716 INFO com.zaxxer.hikari.HikariDataSource [main] HikariPool-1 - Start completed.
2023-10-12 17:49:03,997 INFO org.springframework.orm.jpa.AbstractEntityManagerFactoryBean [main] Initialized JPA EntityManagerFactory for persistence unit 'default'
2023-10-12 17:49:04,825 WARN org.springframework.boot.autoconfigure.orm.jpa.JpaBaseConfiguration$JpaWebConfiguration [main] spring.jpa.open-in-view is enabled by default. Therefore, database queries may be performed during view rendering. Explicitly configure spring.jpa.open-in-view to disable this warning
2023-10-12 17:49:04,961 DEBUG org.springframework.web.servlet.handler.AbstractHandlerMethodMapping [main] 10 mappings in 'requestMappingHandlerMapping'
2023-10-12 17:49:05,233 DEBUG org.springframework.web.servlet.mvc.method.annotation.RequestMappingHandlerAdapter [main] ControllerAdvice beans: 0 @ModelAttribute, 0 @InitBinder, 1 RequestBodyAdvice, 1 ResponseBodyAdvice
2023-10-12 17:49:05,294 DEBUG org.springframework.web.servlet.handler.SimpleUrlHandlerMapping [main] Patterns [/swagger-ui/] in 'viewControllerHandlerMapping'
2023-10-12 17:49:05,321 DEBUG org.springframework.web.servlet.handler.SimpleUrlHandlerMapping [main] Patterns [/webjars/**, /**, /swagger-ui/**] in 'resourceHandlerMapping'
2023-10-12 17:49:05,331 DEBUG org.springframework.web.servlet.mvc.method.annotation.ExceptionHandlerExceptionResolver [main] ControllerAdvice beans: 0 @ExceptionHandler, 1 ResponseBodyAdvice
2023-10-12 17:49:05,464 INFO org.apache.juli.logging.DirectJDKLog [main] Starting ProtocolHandler ["http-nio-8085"]
2023-10-12 17:49:05,553 INFO org.springframework.boot.web.embedded.tomcat.TomcatWebServer [main] Tomcat started on port(s): 8085 (http) with context path ''
2023-10-12 17:49:05,886 INFO org.springframework.boot.StartupInfoLogger [main] Started TpPfeApplication in 11.357 seconds (JVM running for 30.458)
2023-10-12 17:49:05,893 INFO com.javatp.JavaTpApplication [main] Access URLs:
----------------------------------------------------------
	Local: 		http://127.0.0.1:8085/swagger-ui/#/
	External: 	http://192.168.1.141:8085/swagger-ui/#/
----------------------------------------------------------
2023-10-12 17:52:11,499 INFO org.springframework.orm.jpa.AbstractEntityManagerFactoryBean [SpringApplicationShutdownHook] Closing JPA EntityManagerFactory for persistence unit 'default'
2023-10-12 17:52:11,565 INFO com.zaxxer.hikari.HikariDataSource [SpringApplicationShutdownHook] HikariPool-1 - Shutdown initiated...
2023-10-12 17:52:11,583 INFO com.zaxxer.hikari.HikariDataSource [SpringApplicationShutdownHook] HikariPool-1 - Shutdown completed.
